2025-07-08 19:39:43 [background-preinit] INFO  o.h.validator.internal.util.Version - HV000001: Hibernate Validator 8.0.2.Final
2025-07-08 19:39:43 [main] INFO  c.j.l.LearningNotesApiApplication - Starting LearningNotesApiApplication using Java 17.0.15 with PID 47844 (D:\02_Data\Desktop\learning-notes-api\target\classes started by jeanny_chiu in D:\02_Data\Desktop\learning-notes-api)
2025-07-08 19:39:43 [main] INFO  c.j.l.LearningNotesApiApplication - No active profile set, falling back to 1 default profile: "default"
2025-07-08 19:39:44 [main] INFO  o.s.d.r.c.RepositoryConfigurationDelegate - Bootstrapping Spring Data JPA repositories in DEFAULT mode.
2025-07-08 19:39:45 [main] INFO  o.s.d.r.c.RepositoryConfigurationDelegate - Finished Spring Data repository scanning in 162 ms. Found 3 JPA repository interfaces.
2025-07-08 19:39:47 [main] INFO  o.s.b.w.e.tomcat.TomcatWebServer - Tomcat initialized with port 8080 (http)
2025-07-08 19:39:47 [main] INFO  o.a.coyote.http11.Http11NioProtocol - Initializing ProtocolHandler ["http-nio-8080"]
2025-07-08 19:39:47 [main] INFO  o.a.catalina.core.StandardService - Starting service [Tomcat]
2025-07-08 19:39:47 [main] INFO  o.a.catalina.core.StandardEngine - Starting Servlet engine: [Apache Tomcat/10.1.39]
2025-07-08 19:39:47 [main] INFO  o.a.c.c.C.[Tomcat].[localhost].[/] - Initializing Spring embedded WebApplicationContext
2025-07-08 19:39:47 [main] INFO  o.s.b.w.s.c.ServletWebServerApplicationContext - Root WebApplicationContext: initialization completed in 4494 ms
2025-07-08 19:39:48 [main] DEBUG c.j.l.s.JwtAuthenticationFilter - Filter 'jwtAuthenticationFilter' configured for use
2025-07-08 19:39:48 [main] INFO  c.j.l.filter.TestEndpointFilter - 測試端點 IP 限制已啟用，允許的 IP: [127.0.0.1, 0:0:0:0:0:0:0:1]
2025-07-08 19:39:48 [main] INFO  o.h.jpa.internal.util.LogHelper - HHH000204: Processing PersistenceUnitInfo [name: default]
2025-07-08 19:39:48 [main] INFO  org.hibernate.Version - HHH000412: Hibernate ORM core version 6.6.11.Final
2025-07-08 19:39:48 [main] INFO  o.h.c.i.RegionFactoryInitiator - HHH000026: Second-level cache disabled
2025-07-08 19:39:50 [main] INFO  o.s.o.j.p.SpringPersistenceUnitInfo - No LoadTimeWeaver setup: ignoring JPA class transformer
2025-07-08 19:39:50 [main] INFO  com.zaxxer.hikari.HikariDataSource - HikariPool-1 - Starting...
2025-07-08 19:39:51 [main] INFO  com.zaxxer.hikari.pool.HikariPool - HikariPool-1 - Added connection com.mysql.cj.jdbc.ConnectionImpl@11bfd751
2025-07-08 19:39:51 [main] INFO  com.zaxxer.hikari.HikariDataSource - HikariPool-1 - Start completed.
2025-07-08 19:39:51 [main] WARN  org.hibernate.orm.deprecation - HHH90000025: MySQL8Dialect does not need to be specified explicitly using 'hibernate.dialect' (remove the property setting and it will be selected by default)
2025-07-08 19:39:51 [main] WARN  org.hibernate.orm.deprecation - HHH90000026: MySQL8Dialect has been deprecated; use org.hibernate.dialect.MySQLDialect instead
2025-07-08 19:39:51 [main] INFO  o.hibernate.orm.connections.pooling - HHH10001005: Database info:
	Database JDBC URL [Connecting through datasource 'HikariDataSource (HikariPool-1)']
	Database driver: undefined/unknown
	Database version: 8.0
	Autocommit mode: undefined/unknown
	Isolation level: undefined/unknown
	Minimum pool size: undefined/unknown
	Maximum pool size: undefined/unknown
2025-07-08 19:39:52 [main] INFO  o.h.e.t.j.p.i.JtaPlatformInitiator - HHH000489: No JTA platform available (set 'hibernate.transaction.jta.platform' to enable JTA platform integration)
2025-07-08 19:39:52 [main] INFO  o.s.o.j.LocalContainerEntityManagerFactoryBean - Initialized JPA EntityManagerFactory for persistence unit 'default'
2025-07-08 19:39:54 [main] WARN  o.s.b.a.o.j.JpaBaseConfiguration$JpaWebConfiguration - spring.jpa.open-in-view is enabled by default. Therefore, database queries may be performed during view rendering. Explicitly configure spring.jpa.open-in-view to disable this warning
2025-07-08 19:39:54 [main] WARN  o.s.b.a.s.s.UserDetailsServiceAutoConfiguration - 

Using generated security password: d547352c-f454-498f-a3ad-fb41b91b3ccf

This generated password is for development use only. Your security configuration must be updated before running your application in production.

2025-07-08 19:39:54 [main] INFO  o.s.s.c.a.a.c.InitializeUserDetailsBeanManagerConfigurer$InitializeUserDetailsManagerConfigurer - Global AuthenticationManager configured with UserDetailsService bean with name inMemoryUserDetailsManager
2025-07-08 19:39:57 [main] INFO  o.a.coyote.http11.Http11NioProtocol - Starting ProtocolHandler ["http-nio-8080"]
2025-07-08 19:39:57 [main] INFO  o.s.b.w.e.tomcat.TomcatWebServer - Tomcat started on port 8080 (http) with context path '/'
2025-07-08 19:39:57 [main] INFO  c.j.l.LearningNotesApiApplication - Started LearningNotesApiApplication in 14.372 seconds (process running for 15.052)
2025-07-08 19:39:57 [main] WARN  c.j.l.config.JwtSecretConfig - 安全警告: 正在使用預設的 JWT 密鑰，建議在生產環境中使用環境變數設定不同的密鑰
2025-07-08 20:33:21 [http-nio-8080-exec-1] INFO  o.a.c.c.C.[Tomcat].[localhost].[/] - Initializing Spring DispatcherServlet 'dispatcherServlet'
2025-07-08 20:33:21 [http-nio-8080-exec-1] INFO  o.s.web.servlet.DispatcherServlet - Initializing Servlet 'dispatcherServlet'
2025-07-08 20:33:21 [http-nio-8080-exec-1] INFO  o.s.web.servlet.DispatcherServlet - Completed initialization in 1 ms
2025-07-08 20:34:51 [http-nio-8080-exec-3] ERROR c.j.l.s.JwtAuthenticationEntryPoint - 未授權的請求: Full authentication is required to access this resource
2025-07-08 20:35:55 [http-nio-8080-exec-6] WARN  o.s.w.s.m.s.DefaultHandlerExceptionResolver - Resolved [org.springframework.web.HttpRequestMethodNotSupportedException: Request method 'GET' is not supported]
2025-07-08 20:35:55 [http-nio-8080-exec-6] ERROR c.j.l.s.JwtAuthenticationEntryPoint - 未授權的請求: Full authentication is required to access this resource
2025-07-08 20:35:55 [http-nio-8080-exec-7] ERROR c.j.l.s.JwtAuthenticationEntryPoint - 未授權的請求: Full authentication is required to access this resource
2025-07-08 20:35:58 [http-nio-8080-exec-8] ERROR c.j.l.s.JwtAuthenticationEntryPoint - 未授權的請求: Full authentication is required to access this resource
2025-07-08 20:50:42 [background-preinit] INFO  o.h.validator.internal.util.Version - HV000001: Hibernate Validator 8.0.2.Final
2025-07-08 20:50:42 [main] INFO  c.j.l.LearningNotesApiApplication - Starting LearningNotesApiApplication using Java 17.0.15 with PID 47348 (D:\02_Data\Desktop\learning-notes-api\target\classes started by jeanny_chiu in D:\02_Data\Desktop\learning-notes-api)
2025-07-08 20:50:42 [main] INFO  c.j.l.LearningNotesApiApplication - No active profile set, falling back to 1 default profile: "default"
2025-07-08 20:50:44 [main] INFO  o.s.d.r.c.RepositoryConfigurationDelegate - Bootstrapping Spring Data JPA repositories in DEFAULT mode.
2025-07-08 20:50:45 [main] INFO  o.s.d.r.c.RepositoryConfigurationDelegate - Finished Spring Data repository scanning in 214 ms. Found 3 JPA repository interfaces.
2025-07-08 20:50:47 [main] INFO  o.s.b.w.e.tomcat.TomcatWebServer - Tomcat initialized with port 8080 (http)
2025-07-08 20:50:47 [main] INFO  o.a.coyote.http11.Http11NioProtocol - Initializing ProtocolHandler ["http-nio-8080"]
2025-07-08 20:50:47 [main] INFO  o.a.catalina.core.StandardService - Starting service [Tomcat]
2025-07-08 20:50:47 [main] INFO  o.a.catalina.core.StandardEngine - Starting Servlet engine: [Apache Tomcat/10.1.39]
2025-07-08 20:50:47 [main] INFO  o.a.c.c.C.[Tomcat].[localhost].[/] - Initializing Spring embedded WebApplicationContext
2025-07-08 20:50:47 [main] INFO  o.s.b.w.s.c.ServletWebServerApplicationContext - Root WebApplicationContext: initialization completed in 4594 ms
2025-07-08 20:50:47 [main] DEBUG c.j.l.s.JwtAuthenticationFilter - Filter 'jwtAuthenticationFilter' configured for use
2025-07-08 20:50:47 [main] INFO  c.j.l.filter.TestEndpointFilter - 測試端點 IP 限制已啟用，允許的 IP: [127.0.0.1, 0:0:0:0:0:0:0:1]
2025-07-08 20:50:48 [main] INFO  o.h.jpa.internal.util.LogHelper - HHH000204: Processing PersistenceUnitInfo [name: default]
2025-07-08 20:50:48 [main] INFO  org.hibernate.Version - HHH000412: Hibernate ORM core version 6.6.11.Final
2025-07-08 20:50:49 [main] INFO  o.h.c.i.RegionFactoryInitiator - HHH000026: Second-level cache disabled
2025-07-08 20:50:50 [main] INFO  o.s.o.j.p.SpringPersistenceUnitInfo - No LoadTimeWeaver setup: ignoring JPA class transformer
2025-07-08 20:50:50 [main] INFO  com.zaxxer.hikari.HikariDataSource - HikariPool-1 - Starting...
2025-07-08 20:50:50 [main] INFO  com.zaxxer.hikari.pool.HikariPool - HikariPool-1 - Added connection com.mysql.cj.jdbc.ConnectionImpl@70f98f7a
2025-07-08 20:50:50 [main] INFO  com.zaxxer.hikari.HikariDataSource - HikariPool-1 - Start completed.
2025-07-08 20:50:50 [main] WARN  org.hibernate.orm.deprecation - HHH90000025: MySQL8Dialect does not need to be specified explicitly using 'hibernate.dialect' (remove the property setting and it will be selected by default)
2025-07-08 20:50:50 [main] WARN  org.hibernate.orm.deprecation - HHH90000026: MySQL8Dialect has been deprecated; use org.hibernate.dialect.MySQLDialect instead
2025-07-08 20:50:50 [main] INFO  o.hibernate.orm.connections.pooling - HHH10001005: Database info:
	Database JDBC URL [Connecting through datasource 'HikariDataSource (HikariPool-1)']
	Database driver: undefined/unknown
	Database version: 8.0
	Autocommit mode: undefined/unknown
	Isolation level: undefined/unknown
	Minimum pool size: undefined/unknown
	Maximum pool size: undefined/unknown
2025-07-08 20:50:52 [main] INFO  o.h.e.t.j.p.i.JtaPlatformInitiator - HHH000489: No JTA platform available (set 'hibernate.transaction.jta.platform' to enable JTA platform integration)
2025-07-08 20:50:52 [main] INFO  o.s.o.j.LocalContainerEntityManagerFactoryBean - Initialized JPA EntityManagerFactory for persistence unit 'default'
2025-07-08 20:50:54 [main] WARN  o.s.b.a.o.j.JpaBaseConfiguration$JpaWebConfiguration - spring.jpa.open-in-view is enabled by default. Therefore, database queries may be performed during view rendering. Explicitly configure spring.jpa.open-in-view to disable this warning
2025-07-08 20:50:54 [main] WARN  o.s.b.a.s.s.UserDetailsServiceAutoConfiguration - 

Using generated security password: 722889df-afba-48d6-adba-75829dff38c0

This generated password is for development use only. Your security configuration must be updated before running your application in production.

2025-07-08 20:50:54 [main] INFO  o.s.s.c.a.a.c.InitializeUserDetailsBeanManagerConfigurer$InitializeUserDetailsManagerConfigurer - Global AuthenticationManager configured with UserDetailsService bean with name inMemoryUserDetailsManager
2025-07-08 20:50:56 [main] INFO  o.a.coyote.http11.Http11NioProtocol - Starting ProtocolHandler ["http-nio-8080"]
2025-07-08 20:50:57 [main] INFO  o.s.b.w.e.tomcat.TomcatWebServer - Tomcat started on port 8080 (http) with context path '/'
2025-07-08 20:50:57 [main] INFO  c.j.l.LearningNotesApiApplication - Started LearningNotesApiApplication in 14.877 seconds (process running for 18.667)
2025-07-08 20:50:57 [main] WARN  c.j.l.config.JwtSecretConfig - 安全警告: 正在使用預設的 JWT 密鑰，建議在生產環境中使用環境變數設定不同的密鑰
2025-07-08 21:10:37 [http-nio-8080-exec-2] INFO  o.a.c.c.C.[Tomcat].[localhost].[/] - Initializing Spring DispatcherServlet 'dispatcherServlet'
2025-07-08 21:10:37 [http-nio-8080-exec-2] INFO  o.s.web.servlet.DispatcherServlet - Initializing Servlet 'dispatcherServlet'
2025-07-08 21:10:37 [http-nio-8080-exec-2] INFO  o.s.web.servlet.DispatcherServlet - Completed initialization in 2 ms
